[16-Jul-2014 08:26:13 Europe/Berlin] PHP Warning:  require(/home/fram/projects/ptest/vendor/autoload.php): failed to open stream: No such file or directory in /home/fram/projects/ptest/ptest.php on line 4
[16-Jul-2014 08:26:13 Europe/Berlin] PHP Fatal error:  require(): Failed opening required '/home/fram/projects/ptest/vendor/autoload.php' (include_path='.:/usr/share/php:/usr/share/pear') in /home/fram/projects/ptest/ptest.php on line 4
[16-Jul-2014 08:37:09 Europe/Berlin] PHP Warning:  array_merge(): Argument #2 is not an array in /home/fram/projects/ptest/src/Discoverer.php on line 74
[16-Jul-2014 08:37:10 Europe/Berlin] PHP Warning:  array_merge(): Argument #2 is not an array in /home/fram/projects/ptest/src/Discoverer.php on line 74
[16-Jul-2014 08:37:11 Europe/Berlin] PHP Warning:  array_merge(): Argument #2 is not an array in /home/fram/projects/ptest/src/Discoverer.php on line 74
[16-Jul-2014 08:37:12 Europe/Berlin] PHP Warning:  array_merge(): Argument #2 is not an array in /home/fram/projects/ptest/src/Discoverer.php on line 74
[16-Jul-2014 08:37:13 Europe/Berlin] PHP Warning:  array_merge(): Argument #2 is not an array in /home/fram/projects/ptest/src/Discoverer.php on line 74
[16-Jul-2014 08:37:13 Europe/Berlin] PHP Warning:  array_merge(): Argument #2 is not an array in /home/fram/projects/ptest/src/Discoverer.php on line 74
[16-Jul-2014 08:37:27 Europe/Berlin] PHP Warning:  array_merge(): Argument #2 is not an array in /home/fram/projects/ptest/src/Discoverer.php on line 74
[16-Jul-2014 08:38:25 Europe/Berlin] PHP Warning:  array_merge(): Argument #2 is not an array in /home/fram/projects/ptest/src/Discoverer.php on line 74
[16-Jul-2014 08:39:27 Europe/Berlin] PHP Notice:  Undefined variable: class_path in /home/fram/projects/ptest/src/Discoverer.php on line 74
[16-Jul-2014 08:39:27 Europe/Berlin] PHP Catchable fatal error:  Argument 1 passed to PrestaShop\Ptest\Loader\Basic::loadTests() must be an instance of ReflectionClass, string given, called in /home/fram/projects/ptest/src/Discoverer.php on line 74 and defined in /home/fram/projects/ptest/src/Loader/Basic.php on line 7
[16-Jul-2014 08:39:32 Europe/Berlin] PHP Notice:  Undefined variable: class_path in /home/fram/projects/ptest/src/Discoverer.php on line 74
[16-Jul-2014 08:39:32 Europe/Berlin] PHP Catchable fatal error:  Argument 1 passed to PrestaShop\Ptest\Loader\Basic::loadTests() must be an instance of ReflectionClass, string given, called in /home/fram/projects/ptest/src/Discoverer.php on line 74 and defined in /home/fram/projects/ptest/src/Loader/Basic.php on line 7
[16-Jul-2014 08:39:48 Europe/Berlin] PHP Notice:  Undefined variable: class_path in /home/fram/projects/ptest/src/Discoverer.php on line 74
[16-Jul-2014 08:39:48 Europe/Berlin] PHP Catchable fatal error:  Argument 1 passed to PrestaShop\Ptest\Loader\Basic::loadTests() must be an instance of ReflectionClass, string given, called in /home/fram/projects/ptest/src/Discoverer.php on line 74 and defined in /home/fram/projects/ptest/src/Loader/Basic.php on line 7
[16-Jul-2014 08:40:04 Europe/Berlin] PHP Parse error:  syntax error, unexpected ';' in /home/fram/projects/ptest/src/Discoverer.php on line 74
[16-Jul-2014 08:40:23 Europe/Berlin] PHP Warning:  array_merge(): Argument #2 is not an array in /home/fram/projects/ptest/src/Discoverer.php on line 74
[16-Jul-2014 09:00:50 Europe/Berlin] PHP Notice:  Undefined variable: doc in /home/fram/projects/ptest/src/Loader/Basic.php on line 25
[16-Jul-2014 09:00:50 Europe/Berlin] PHP Notice:  Undefined variable: doc in /home/fram/projects/ptest/src/Loader/Basic.php on line 25
[16-Jul-2014 09:00:50 Europe/Berlin] PHP Notice:  Undefined variable: doc in /home/fram/projects/ptest/src/Loader/Basic.php on line 25
[16-Jul-2014 09:00:50 Europe/Berlin] PHP Notice:  Undefined variable: doc in /home/fram/projects/ptest/src/Loader/Basic.php on line 25
[16-Jul-2014 09:23:49 Europe/Berlin] PHP Warning:  preg_match(): No ending delimiter '/' found in /home/fram/projects/ptest/src/Util/DocCommentParser.php on line 21
[16-Jul-2014 09:23:49 Europe/Berlin] PHP Warning:  preg_match(): No ending delimiter '/' found in /home/fram/projects/ptest/src/Util/DocCommentParser.php on line 21
[16-Jul-2014 09:23:49 Europe/Berlin] PHP Warning:  preg_match(): No ending delimiter '/' found in /home/fram/projects/ptest/src/Util/DocCommentParser.php on line 21
[16-Jul-2014 09:23:49 Europe/Berlin] PHP Warning:  preg_match(): No ending delimiter '/' found in /home/fram/projects/ptest/src/Util/DocCommentParser.php on line 21
[16-Jul-2014 09:23:49 Europe/Berlin] PHP Warning:  preg_match(): No ending delimiter '/' found in /home/fram/projects/ptest/src/Util/DocCommentParser.php on line 21
[16-Jul-2014 09:23:49 Europe/Berlin] PHP Warning:  preg_match(): No ending delimiter '/' found in /home/fram/projects/ptest/src/Util/DocCommentParser.php on line 21
[16-Jul-2014 09:24:52 Europe/Berlin] PHP Warning:  preg_match(): No ending delimiter '/' found in /home/fram/projects/ptest/src/Util/DocCommentParser.php on line 21
[16-Jul-2014 09:24:52 Europe/Berlin] PHP Warning:  preg_match(): No ending delimiter '/' found in /home/fram/projects/ptest/src/Util/DocCommentParser.php on line 21
[16-Jul-2014 09:24:52 Europe/Berlin] PHP Warning:  preg_match(): No ending delimiter '/' found in /home/fram/projects/ptest/src/Util/DocCommentParser.php on line 21
[16-Jul-2014 09:24:52 Europe/Berlin] PHP Warning:  preg_match(): No ending delimiter '/' found in /home/fram/projects/ptest/src/Util/DocCommentParser.php on line 21
[16-Jul-2014 09:24:52 Europe/Berlin] PHP Warning:  preg_match(): No ending delimiter '/' found in /home/fram/projects/ptest/src/Util/DocCommentParser.php on line 21
[16-Jul-2014 09:24:52 Europe/Berlin] PHP Warning:  preg_match(): No ending delimiter '/' found in /home/fram/projects/ptest/src/Util/DocCommentParser.php on line 21
[16-Jul-2014 10:05:25 Europe/Berlin] PHP Notice:  Undefined index: testWithDataProvider in /home/fram/projects/ptest/src/Loader/Basic.php on line 44
[16-Jul-2014 10:05:25 Europe/Berlin] PHP Fatal error:  Call to a member function addMethod() on a non-object in /home/fram/projects/ptest/src/Loader/Basic.php on line 44
[16-Jul-2014 10:55:53 Europe/Berlin] PHP Fatal error:  Call to undefined method PrestaShop\Ptest\Runner::run() in /home/fram/projects/ptest/src/Command/Runner.php on line 35
[16-Jul-2014 11:22:30 Europe/Berlin] PHP Fatal error:  Class 'PrestaShop\Ptest\Runner' not found in /home/fram/projects/ptest/src/Command/Runner.php on line 33
[16-Jul-2014 11:22:35 Europe/Berlin] PHP Fatal error:  Class 'PrestaShop\Ptest\Runner' not found in /home/fram/projects/ptest/src/Command/Runner.php on line 33
[16-Jul-2014 11:40:22 Europe/Berlin] PHP Notice:  Undefined variable: test_plans in /home/fram/projects/ptest/src/RunnerManager.php on line 20
[16-Jul-2014 11:43:52 Europe/Berlin] PHP Fatal error:  Class 'PrestaShop\Ptest\Command\Worker' not found in /home/fram/projects/ptest/worker.php on line 9
[16-Jul-2014 13:19:59 Europe/Berlin] PHP Notice:  Undefined variable: command in /home/fram/projects/ptest/src/RunnerManager.php on line 45
[16-Jul-2014 13:19:59 Europe/Berlin] PHP Notice:  Undefined variable: command in /home/fram/projects/ptest/src/RunnerManager.php on line 45
[16-Jul-2014 13:19:59 Europe/Berlin] PHP Notice:  Undefined variable: command in /home/fram/projects/ptest/src/RunnerManager.php on line 45
[16-Jul-2014 13:19:59 Europe/Berlin] PHP Notice:  Undefined variable: command in /home/fram/projects/ptest/src/RunnerManager.php on line 45
[16-Jul-2014 13:19:59 Europe/Berlin] PHP Notice:  Undefined variable: command in /home/fram/projects/ptest/src/RunnerManager.php on line 45
[16-Jul-2014 13:19:59 Europe/Berlin] PHP Notice:  Undefined variable: command in /home/fram/projects/ptest/src/RunnerManager.php on line 45
[16-Jul-2014 13:19:59 Europe/Berlin] PHP Notice:  Undefined variable: command in /home/fram/projects/ptest/src/RunnerManager.php on line 45
[16-Jul-2014 13:19:59 Europe/Berlin] PHP Notice:  Undefined variable: command in /home/fram/projects/ptest/src/RunnerManager.php on line 45
[16-Jul-2014 13:26:05 Europe/Berlin] PHP Notice:  Undefined variable: test_plan_file in /home/fram/projects/ptest/src/RunnerManager.php on line 45
[16-Jul-2014 13:26:05 Europe/Berlin] PHP Notice:  Undefined variable: output_file in /home/fram/projects/ptest/src/RunnerManager.php on line 46
[16-Jul-2014 13:26:05 Europe/Berlin] PHP Notice:  Undefined variable: test_plan_file in /home/fram/projects/ptest/src/RunnerManager.php on line 45
[16-Jul-2014 13:26:05 Europe/Berlin] PHP Notice:  Undefined variable: output_file in /home/fram/projects/ptest/src/RunnerManager.php on line 46
[16-Jul-2014 13:26:05 Europe/Berlin] PHP Notice:  Undefined variable: test_plan_file in /home/fram/projects/ptest/src/RunnerManager.php on line 45
[16-Jul-2014 13:26:05 Europe/Berlin] PHP Notice:  Undefined variable: output_file in /home/fram/projects/ptest/src/RunnerManager.php on line 46
[16-Jul-2014 13:26:05 Europe/Berlin] PHP Notice:  Undefined variable: test_plan_file in /home/fram/projects/ptest/src/RunnerManager.php on line 45
[16-Jul-2014 13:26:05 Europe/Berlin] PHP Notice:  Undefined variable: output_file in /home/fram/projects/ptest/src/RunnerManager.php on line 46
[16-Jul-2014 13:26:05 Europe/Berlin] PHP Notice:  Undefined variable: test_plan_file in /home/fram/projects/ptest/src/RunnerManager.php on line 45
[16-Jul-2014 13:26:05 Europe/Berlin] PHP Notice:  Undefined variable: output_file in /home/fram/projects/ptest/src/RunnerManager.php on line 46
[16-Jul-2014 13:26:05 Europe/Berlin] PHP Notice:  Undefined variable: test_plan_file in /home/fram/projects/ptest/src/RunnerManager.php on line 45
[16-Jul-2014 13:26:05 Europe/Berlin] PHP Notice:  Undefined variable: output_file in /home/fram/projects/ptest/src/RunnerManager.php on line 46
[16-Jul-2014 13:26:05 Europe/Berlin] PHP Notice:  Undefined variable: test_plan_file in /home/fram/projects/ptest/src/RunnerManager.php on line 45
[16-Jul-2014 13:26:05 Europe/Berlin] PHP Notice:  Undefined variable: output_file in /home/fram/projects/ptest/src/RunnerManager.php on line 46
[16-Jul-2014 13:26:05 Europe/Berlin] PHP Notice:  Undefined variable: test_plan_file in /home/fram/projects/ptest/src/RunnerManager.php on line 45
[16-Jul-2014 13:26:05 Europe/Berlin] PHP Notice:  Undefined variable: output_file in /home/fram/projects/ptest/src/RunnerManager.php on line 46
[16-Jul-2014 13:26:20 Europe/Berlin] PHP Notice:  Undefined variable: test_plan_file in /home/fram/projects/ptest/src/RunnerManager.php on line 45
[16-Jul-2014 13:26:20 Europe/Berlin] PHP Notice:  Undefined variable: output_file in /home/fram/projects/ptest/src/RunnerManager.php on line 46
[16-Jul-2014 13:26:20 Europe/Berlin] PHP Notice:  Undefined variable: test_plan_file in /home/fram/projects/ptest/src/RunnerManager.php on line 45
[16-Jul-2014 13:26:20 Europe/Berlin] PHP Notice:  Undefined variable: output_file in /home/fram/projects/ptest/src/RunnerManager.php on line 46
[16-Jul-2014 13:26:20 Europe/Berlin] PHP Notice:  Undefined variable: test_plan_file in /home/fram/projects/ptest/src/RunnerManager.php on line 45
[16-Jul-2014 13:26:20 Europe/Berlin] PHP Notice:  Undefined variable: output_file in /home/fram/projects/ptest/src/RunnerManager.php on line 46
[16-Jul-2014 13:26:20 Europe/Berlin] PHP Notice:  Undefined variable: test_plan_file in /home/fram/projects/ptest/src/RunnerManager.php on line 45
[16-Jul-2014 13:26:20 Europe/Berlin] PHP Notice:  Undefined variable: output_file in /home/fram/projects/ptest/src/RunnerManager.php on line 46
[16-Jul-2014 13:26:20 Europe/Berlin] PHP Notice:  Undefined variable: test_plan_file in /home/fram/projects/ptest/src/RunnerManager.php on line 45
[16-Jul-2014 13:26:20 Europe/Berlin] PHP Notice:  Undefined variable: output_file in /home/fram/projects/ptest/src/RunnerManager.php on line 46
[16-Jul-2014 13:26:20 Europe/Berlin] PHP Notice:  Undefined variable: test_plan_file in /home/fram/projects/ptest/src/RunnerManager.php on line 45
[16-Jul-2014 13:26:20 Europe/Berlin] PHP Notice:  Undefined variable: output_file in /home/fram/projects/ptest/src/RunnerManager.php on line 46
[16-Jul-2014 13:26:20 Europe/Berlin] PHP Notice:  Undefined variable: test_plan_file in /home/fram/projects/ptest/src/RunnerManager.php on line 45
[16-Jul-2014 13:26:20 Europe/Berlin] PHP Notice:  Undefined variable: output_file in /home/fram/projects/ptest/src/RunnerManager.php on line 46
[16-Jul-2014 13:26:20 Europe/Berlin] PHP Notice:  Undefined variable: test_plan_file in /home/fram/projects/ptest/src/RunnerManager.php on line 45
[16-Jul-2014 13:26:20 Europe/Berlin] PHP Notice:  Undefined variable: output_file in /home/fram/projects/ptest/src/RunnerManager.php on line 46
[16-Jul-2014 13:33:47 Europe/Berlin] PHP Notice:  Undefined variable: io in /home/fram/projects/ptest/src/RunnerManager.php on line 71
[16-Jul-2014 13:33:47 Europe/Berlin] PHP Warning:  proc_open() expects parameter 2 to be array, null given in /home/fram/projects/ptest/src/RunnerManager.php on line 71
[16-Jul-2014 13:33:47 Europe/Berlin] PHP Notice:  Undefined variable: io in /home/fram/projects/ptest/src/RunnerManager.php on line 71
[16-Jul-2014 13:33:47 Europe/Berlin] PHP Warning:  proc_open() expects parameter 2 to be array, null given in /home/fram/projects/ptest/src/RunnerManager.php on line 71
[16-Jul-2014 13:33:47 Europe/Berlin] PHP Notice:  Undefined variable: io in /home/fram/projects/ptest/src/RunnerManager.php on line 71
[16-Jul-2014 13:33:47 Europe/Berlin] PHP Warning:  proc_open() expects parameter 2 to be array, null given in /home/fram/projects/ptest/src/RunnerManager.php on line 71
[16-Jul-2014 13:33:47 Europe/Berlin] PHP Notice:  Undefined variable: io in /home/fram/projects/ptest/src/RunnerManager.php on line 71
[16-Jul-2014 13:33:47 Europe/Berlin] PHP Warning:  proc_open() expects parameter 2 to be array, null given in /home/fram/projects/ptest/src/RunnerManager.php on line 71
[16-Jul-2014 13:33:47 Europe/Berlin] PHP Notice:  Undefined variable: io in /home/fram/projects/ptest/src/RunnerManager.php on line 71
[16-Jul-2014 13:33:47 Europe/Berlin] PHP Warning:  proc_open() expects parameter 2 to be array, null given in /home/fram/projects/ptest/src/RunnerManager.php on line 71
[16-Jul-2014 13:33:47 Europe/Berlin] PHP Notice:  Undefined variable: io in /home/fram/projects/ptest/src/RunnerManager.php on line 71
[16-Jul-2014 13:33:47 Europe/Berlin] PHP Warning:  proc_open() expects parameter 2 to be array, null given in /home/fram/projects/ptest/src/RunnerManager.php on line 71
[16-Jul-2014 13:33:47 Europe/Berlin] PHP Notice:  Undefined variable: io in /home/fram/projects/ptest/src/RunnerManager.php on line 71
[16-Jul-2014 13:33:47 Europe/Berlin] PHP Warning:  proc_open() expects parameter 2 to be array, null given in /home/fram/projects/ptest/src/RunnerManager.php on line 71
[16-Jul-2014 13:33:47 Europe/Berlin] PHP Notice:  Undefined variable: io in /home/fram/projects/ptest/src/RunnerManager.php on line 71
[16-Jul-2014 13:33:47 Europe/Berlin] PHP Warning:  proc_open() expects parameter 2 to be array, null given in /home/fram/projects/ptest/src/RunnerManager.php on line 71
[16-Jul-2014 13:44:09 Europe/Berlin] PHP Fatal error:  Call to undefined method PrestaShop\Ptest\RunnerManager::checkRunningProcesses() in /home/fram/projects/ptest/src/RunnerManager.php on line 33
[16-Jul-2014 13:44:14 Europe/Berlin] PHP Fatal error:  Call to undefined method PrestaShop\Ptest\RunnerManager::checkRunningProcesses() in /home/fram/projects/ptest/src/RunnerManager.php on line 33
[16-Jul-2014 13:51:33 Europe/Berlin] PHP Parse error:  syntax error, unexpected '$command_parts' (T_VARIABLE) in /home/fram/projects/ptest/src/RunnerManager.php on line 60
[16-Jul-2014 13:55:59 Europe/Berlin] PHP Notice:  Undefined variable: stdout_file in /home/fram/projects/ptest/src/RunnerManager.php on line 43
[16-Jul-2014 13:55:59 Europe/Berlin] PHP Notice:  Undefined variable: stderr_file in /home/fram/projects/ptest/src/RunnerManager.php on line 44
[16-Jul-2014 13:55:59 Europe/Berlin] PHP Notice:  Undefined variable: stdout_file in /home/fram/projects/ptest/src/RunnerManager.php on line 63
[16-Jul-2014 13:55:59 Europe/Berlin] PHP Notice:  Undefined variable: stderr_file in /home/fram/projects/ptest/src/RunnerManager.php on line 65
[16-Jul-2014 13:55:59 Europe/Berlin] PHP Warning:  proc_open(): Filename cannot be empty in /home/fram/projects/ptest/src/RunnerManager.php on line 77
[16-Jul-2014 13:55:59 Europe/Berlin] PHP Notice:  Undefined variable: stdout_file in /home/fram/projects/ptest/src/RunnerManager.php on line 80
[16-Jul-2014 13:55:59 Europe/Berlin] PHP Notice:  Undefined variable: stderr_file in /home/fram/projects/ptest/src/RunnerManager.php on line 81
[16-Jul-2014 13:55:59 Europe/Berlin] PHP Warning:  proc_get_status() expects parameter 1 to be resource, boolean given in /home/fram/projects/ptest/src/RunnerManager.php on line 92
[16-Jul-2014 13:55:59 Europe/Berlin] PHP Notice:  Undefined variable: stdout_file in /home/fram/projects/ptest/src/RunnerManager.php on line 43
[16-Jul-2014 13:55:59 Europe/Berlin] PHP Notice:  Undefined variable: stderr_file in /home/fram/projects/ptest/src/RunnerManager.php on line 44
[16-Jul-2014 13:55:59 Europe/Berlin] PHP Notice:  Undefined variable: stdout_file in /home/fram/projects/ptest/src/RunnerManager.php on line 63
[16-Jul-2014 13:55:59 Europe/Berlin] PHP Notice:  Undefined variable: stderr_file in /home/fram/projects/ptest/src/RunnerManager.php on line 65
[16-Jul-2014 13:55:59 Europe/Berlin] PHP Warning:  proc_open(): Filename cannot be empty in /home/fram/projects/ptest/src/RunnerManager.php on line 77
[16-Jul-2014 13:55:59 Europe/Berlin] PHP Notice:  Undefined variable: stdout_file in /home/fram/projects/ptest/src/RunnerManager.php on line 80
[16-Jul-2014 13:55:59 Europe/Berlin] PHP Notice:  Undefined variable: stderr_file in /home/fram/projects/ptest/src/RunnerManager.php on line 81
[16-Jul-2014 13:55:59 Europe/Berlin] PHP Warning:  proc_get_status() expects parameter 1 to be resource, boolean given in /home/fram/projects/ptest/src/RunnerManager.php on line 92
[16-Jul-2014 13:55:59 Europe/Berlin] PHP Warning:  proc_get_status() expects parameter 1 to be resource, boolean given in /home/fram/projects/ptest/src/RunnerManager.php on line 92
[16-Jul-2014 13:55:59 Europe/Berlin] PHP Notice:  Undefined variable: stdout_file in /home/fram/projects/ptest/src/RunnerManager.php on line 43
[16-Jul-2014 13:55:59 Europe/Berlin] PHP Notice:  Undefined variable: stderr_file in /home/fram/projects/ptest/src/RunnerManager.php on line 44
[16-Jul-2014 13:55:59 Europe/Berlin] PHP Notice:  Undefined variable: stdout_file in /home/fram/projects/ptest/src/RunnerManager.php on line 63
[16-Jul-2014 13:55:59 Europe/Berlin] PHP Notice:  Undefined variable: stderr_file in /home/fram/projects/ptest/src/RunnerManager.php on line 65
[16-Jul-2014 13:55:59 Europe/Berlin] PHP Warning:  proc_open(): Filename cannot be empty in /home/fram/projects/ptest/src/RunnerManager.php on line 77
[16-Jul-2014 13:55:59 Europe/Berlin] PHP Notice:  Undefined variable: stdout_file in /home/fram/projects/ptest/src/RunnerManager.php on line 80
[16-Jul-2014 13:55:59 Europe/Berlin] PHP Notice:  Undefined variable: stderr_file in /home/fram/projects/ptest/src/RunnerManager.php on line 81
[16-Jul-2014 13:55:59 Europe/Berlin] PHP Warning:  proc_get_status() expects parameter 1 to be resource, boolean given in /home/fram/projects/ptest/src/RunnerManager.php on line 92
[16-Jul-2014 13:55:59 Europe/Berlin] PHP Warning:  proc_get_status() expects parameter 1 to be resource, boolean given in /home/fram/projects/ptest/src/RunnerManager.php on line 92
[16-Jul-2014 13:55:59 Europe/Berlin] PHP Warning:  proc_get_status() expects parameter 1 to be resource, boolean given in /home/fram/projects/ptest/src/RunnerManager.php on line 92
[16-Jul-2014 13:55:59 Europe/Berlin] PHP Notice:  Undefined variable: stdout_file in /home/fram/projects/ptest/src/RunnerManager.php on line 43
[16-Jul-2014 13:55:59 Europe/Berlin] PHP Notice:  Undefined variable: stderr_file in /home/fram/projects/ptest/src/RunnerManager.php on line 44
[16-Jul-2014 13:55:59 Europe/Berlin] PHP Notice:  Undefined variable: stdout_file in /home/fram/projects/ptest/src/RunnerManager.php on line 63
[16-Jul-2014 13:55:59 Europe/Berlin] PHP Notice:  Undefined variable: stderr_file in /home/fram/projects/ptest/src/RunnerManager.php on line 65
[16-Jul-2014 13:55:59 Europe/Berlin] PHP Warning:  proc_open(): Filename cannot be empty in /home/fram/projects/ptest/src/RunnerManager.php on line 77
[16-Jul-2014 13:55:59 Europe/Berlin] PHP Notice:  Undefined variable: stdout_file in /home/fram/projects/ptest/src/RunnerManager.php on line 80
[16-Jul-2014 13:55:59 Europe/Berlin] PHP Notice:  Undefined variable: stderr_file in /home/fram/projects/ptest/src/RunnerManager.php on line 81
[16-Jul-2014 13:55:59 Europe/Berlin] PHP Warning:  proc_get_status() expects parameter 1 to be resource, boolean given in /home/fram/projects/ptest/src/RunnerManager.php on line 92
[16-Jul-2014 13:55:59 Europe/Berlin] PHP Warning:  proc_get_status() expects parameter 1 to be resource, boolean given in /home/fram/projects/ptest/src/RunnerManager.php on line 92
[16-Jul-2014 13:55:59 Europe/Berlin] PHP Warning:  proc_get_status() expects parameter 1 to be resource, boolean given in /home/fram/projects/ptest/src/RunnerManager.php on line 92
[16-Jul-2014 13:55:59 Europe/Berlin] PHP Warning:  proc_get_status() expects parameter 1 to be resource, boolean given in /home/fram/projects/ptest/src/RunnerManager.php on line 92
[16-Jul-2014 13:55:59 Europe/Berlin] PHP Notice:  Undefined variable: stdout_file in /home/fram/projects/ptest/src/RunnerManager.php on line 43
[16-Jul-2014 13:55:59 Europe/Berlin] PHP Notice:  Undefined variable: stderr_file in /home/fram/projects/ptest/src/RunnerManager.php on line 44
[16-Jul-2014 13:55:59 Europe/Berlin] PHP Notice:  Undefined variable: stdout_file in /home/fram/projects/ptest/src/RunnerManager.php on line 63
[16-Jul-2014 13:55:59 Europe/Berlin] PHP Notice:  Undefined variable: stderr_file in /home/fram/projects/ptest/src/RunnerManager.php on line 65
[16-Jul-2014 13:55:59 Europe/Berlin] PHP Warning:  proc_open(): Filename cannot be empty in /home/fram/projects/ptest/src/RunnerManager.php on line 77
[16-Jul-2014 13:55:59 Europe/Berlin] PHP Notice:  Undefined variable: stdout_file in /home/fram/projects/ptest/src/RunnerManager.php on line 80
[16-Jul-2014 13:55:59 Europe/Berlin] PHP Notice:  Undefined variable: stderr_file in /home/fram/projects/ptest/src/RunnerManager.php on line 81
[16-Jul-2014 13:55:59 Europe/Berlin] PHP Warning:  proc_get_status() expects parameter 1 to be resource, boolean given in /home/fram/projects/ptest/src/RunnerManager.php on line 92
[16-Jul-2014 13:55:59 Europe/Berlin] PHP Warning:  proc_get_status() expects parameter 1 to be resource, boolean given in /home/fram/projects/ptest/src/RunnerManager.php on line 92
[16-Jul-2014 13:55:59 Europe/Berlin] PHP Warning:  proc_get_status() expects parameter 1 to be resource, boolean given in /home/fram/projects/ptest/src/RunnerManager.php on line 92
[16-Jul-2014 13:55:59 Europe/Berlin] PHP Warning:  proc_get_status() expects parameter 1 to be resource, boolean given in /home/fram/projects/ptest/src/RunnerManager.php on line 92
[16-Jul-2014 13:55:59 Europe/Berlin] PHP Warning:  proc_get_status() expects parameter 1 to be resource, boolean given in /home/fram/projects/ptest/src/RunnerManager.php on line 92
[16-Jul-2014 13:56:00 Europe/Berlin] PHP Warning:  proc_get_status() expects parameter 1 to be resource, boolean given in /home/fram/projects/ptest/src/RunnerManager.php on line 92
[16-Jul-2014 13:56:00 Europe/Berlin] PHP Warning:  proc_get_status() expects parameter 1 to be resource, boolean given in /home/fram/projects/ptest/src/RunnerManager.php on line 92
[16-Jul-2014 13:56:00 Europe/Berlin] PHP Warning:  proc_get_status() expects parameter 1 to be resource, boolean given in /home/fram/projects/ptest/src/RunnerManager.php on line 92
[16-Jul-2014 13:56:00 Europe/Berlin] PHP Warning:  proc_get_status() expects parameter 1 to be resource, boolean given in /home/fram/projects/ptest/src/RunnerManager.php on line 92
[16-Jul-2014 13:56:00 Europe/Berlin] PHP Warning:  proc_get_status() expects parameter 1 to be resource, boolean given in /home/fram/projects/ptest/src/RunnerManager.php on line 92
[16-Jul-2014 13:56:01 Europe/Berlin] PHP Warning:  proc_get_status() expects parameter 1 to be resource, boolean given in /home/fram/projects/ptest/src/RunnerManager.php on line 92
[16-Jul-2014 13:56:01 Europe/Berlin] PHP Warning:  proc_get_status() expects parameter 1 to be resource, boolean given in /home/fram/projects/ptest/src/RunnerManager.php on line 92
[16-Jul-2014 13:56:01 Europe/Berlin] PHP Warning:  proc_get_status() expects parameter 1 to be resource, boolean given in /home/fram/projects/ptest/src/RunnerManager.php on line 92
[16-Jul-2014 13:56:01 Europe/Berlin] PHP Warning:  proc_get_status() expects parameter 1 to be resource, boolean given in /home/fram/projects/ptest/src/RunnerManager.php on line 92
[16-Jul-2014 13:56:01 Europe/Berlin] PHP Warning:  proc_get_status() expects parameter 1 to be resource, boolean given in /home/fram/projects/ptest/src/RunnerManager.php on line 92
[16-Jul-2014 13:56:02 Europe/Berlin] PHP Warning:  proc_get_status() expects parameter 1 to be resource, boolean given in /home/fram/projects/ptest/src/RunnerManager.php on line 92
[16-Jul-2014 13:56:02 Europe/Berlin] PHP Warning:  proc_get_status() expects parameter 1 to be resource, boolean given in /home/fram/projects/ptest/src/RunnerManager.php on line 92
[16-Jul-2014 13:56:02 Europe/Berlin] PHP Warning:  proc_get_status() expects parameter 1 to be resource, boolean given in /home/fram/projects/ptest/src/RunnerManager.php on line 92
[16-Jul-2014 13:56:02 Europe/Berlin] PHP Warning:  proc_get_status() expects parameter 1 to be resource, boolean given in /home/fram/projects/ptest/src/RunnerManager.php on line 92
[16-Jul-2014 13:56:02 Europe/Berlin] PHP Warning:  proc_get_status() expects parameter 1 to be resource, boolean given in /home/fram/projects/ptest/src/RunnerManager.php on line 92
[16-Jul-2014 13:56:03 Europe/Berlin] PHP Warning:  proc_get_status() expects parameter 1 to be resource, boolean given in /home/fram/projects/ptest/src/RunnerManager.php on line 92
[16-Jul-2014 13:56:03 Europe/Berlin] PHP Warning:  proc_get_status() expects parameter 1 to be resource, boolean given in /home/fram/projects/ptest/src/RunnerManager.php on line 92
[16-Jul-2014 13:56:03 Europe/Berlin] PHP Warning:  proc_get_status() expects parameter 1 to be resource, boolean given in /home/fram/projects/ptest/src/RunnerManager.php on line 92
[16-Jul-2014 13:56:03 Europe/Berlin] PHP Warning:  proc_get_status() expects parameter 1 to be resource, boolean given in /home/fram/projects/ptest/src/RunnerManager.php on line 92
[16-Jul-2014 13:56:03 Europe/Berlin] PHP Warning:  proc_get_status() expects parameter 1 to be resource, boolean given in /home/fram/projects/ptest/src/RunnerManager.php on line 92
[16-Jul-2014 13:56:04 Europe/Berlin] PHP Warning:  proc_get_status() expects parameter 1 to be resource, boolean given in /home/fram/projects/ptest/src/RunnerManager.php on line 92
[16-Jul-2014 13:56:04 Europe/Berlin] PHP Warning:  proc_get_status() expects parameter 1 to be resource, boolean given in /home/fram/projects/ptest/src/RunnerManager.php on line 92
[16-Jul-2014 13:56:04 Europe/Berlin] PHP Warning:  proc_get_status() expects parameter 1 to be resource, boolean given in /home/fram/projects/ptest/src/RunnerManager.php on line 92
[16-Jul-2014 13:56:04 Europe/Berlin] PHP Warning:  proc_get_status() expects parameter 1 to be resource, boolean given in /home/fram/projects/ptest/src/RunnerManager.php on line 92
[16-Jul-2014 13:56:04 Europe/Berlin] PHP Warning:  proc_get_status() expects parameter 1 to be resource, boolean given in /home/fram/projects/ptest/src/RunnerManager.php on line 92
[16-Jul-2014 13:56:05 Europe/Berlin] PHP Warning:  proc_get_status() expects parameter 1 to be resource, boolean given in /home/fram/projects/ptest/src/RunnerManager.php on line 92
[16-Jul-2014 13:56:05 Europe/Berlin] PHP Warning:  proc_get_status() expects parameter 1 to be resource, boolean given in /home/fram/projects/ptest/src/RunnerManager.php on line 92
[16-Jul-2014 13:56:05 Europe/Berlin] PHP Warning:  proc_get_status() expects parameter 1 to be resource, boolean given in /home/fram/projects/ptest/src/RunnerManager.php on line 92
[16-Jul-2014 13:56:05 Europe/Berlin] PHP Warning:  proc_get_status() expects parameter 1 to be resource, boolean given in /home/fram/projects/ptest/src/RunnerManager.php on line 92
[16-Jul-2014 13:56:05 Europe/Berlin] PHP Warning:  proc_get_status() expects parameter 1 to be resource, boolean given in /home/fram/projects/ptest/src/RunnerManager.php on line 92
[16-Jul-2014 13:56:06 Europe/Berlin] PHP Warning:  proc_get_status() expects parameter 1 to be resource, boolean given in /home/fram/projects/ptest/src/RunnerManager.php on line 92
[16-Jul-2014 13:56:06 Europe/Berlin] PHP Warning:  proc_get_status() expects parameter 1 to be resource, boolean given in /home/fram/projects/ptest/src/RunnerManager.php on line 92
[16-Jul-2014 13:56:06 Europe/Berlin] PHP Warning:  proc_get_status() expects parameter 1 to be resource, boolean given in /home/fram/projects/ptest/src/RunnerManager.php on line 92
[16-Jul-2014 13:56:06 Europe/Berlin] PHP Warning:  proc_get_status() expects parameter 1 to be resource, boolean given in /home/fram/projects/ptest/src/RunnerManager.php on line 92
[16-Jul-2014 13:56:06 Europe/Berlin] PHP Warning:  proc_get_status() expects parameter 1 to be resource, boolean given in /home/fram/projects/ptest/src/RunnerManager.php on line 92
[16-Jul-2014 13:56:07 Europe/Berlin] PHP Warning:  proc_get_status() expects parameter 1 to be resource, boolean given in /home/fram/projects/ptest/src/RunnerManager.php on line 92
[16-Jul-2014 13:56:07 Europe/Berlin] PHP Warning:  proc_get_status() expects parameter 1 to be resource, boolean given in /home/fram/projects/ptest/src/RunnerManager.php on line 92
[16-Jul-2014 13:56:07 Europe/Berlin] PHP Warning:  proc_get_status() expects parameter 1 to be resource, boolean given in /home/fram/projects/ptest/src/RunnerManager.php on line 92
[16-Jul-2014 13:56:07 Europe/Berlin] PHP Warning:  proc_get_status() expects parameter 1 to be resource, boolean given in /home/fram/projects/ptest/src/RunnerManager.php on line 92
[16-Jul-2014 13:56:07 Europe/Berlin] PHP Warning:  proc_get_status() expects parameter 1 to be resource, boolean given in /home/fram/projects/ptest/src/RunnerManager.php on line 92
[16-Jul-2014 13:57:17 Europe/Berlin] PHP Notice:  Undefined variable: stdout_file in /home/fram/projects/ptest/src/RunnerManager.php on line 43
[16-Jul-2014 13:57:17 Europe/Berlin] PHP Notice:  Undefined variable: stderr_file in /home/fram/projects/ptest/src/RunnerManager.php on line 44
[16-Jul-2014 13:57:17 Europe/Berlin] PHP Warning:  proc_open(): Filename cannot be empty in /home/fram/projects/ptest/src/RunnerManager.php on line 79
[16-Jul-2014 13:57:17 Europe/Berlin] PHP Warning:  proc_get_status() expects parameter 1 to be resource, boolean given in /home/fram/projects/ptest/src/RunnerManager.php on line 94
[16-Jul-2014 13:57:17 Europe/Berlin] PHP Notice:  Undefined variable: stdout_file in /home/fram/projects/ptest/src/RunnerManager.php on line 43
[16-Jul-2014 13:57:17 Europe/Berlin] PHP Notice:  Undefined variable: stderr_file in /home/fram/projects/ptest/src/RunnerManager.php on line 44
[16-Jul-2014 13:57:17 Europe/Berlin] PHP Warning:  proc_open(): Filename cannot be empty in /home/fram/projects/ptest/src/RunnerManager.php on line 79
[16-Jul-2014 13:57:17 Europe/Berlin] PHP Warning:  proc_get_status() expects parameter 1 to be resource, boolean given in /home/fram/projects/ptest/src/RunnerManager.php on line 94
[16-Jul-2014 13:57:17 Europe/Berlin] PHP Warning:  proc_get_status() expects parameter 1 to be resource, boolean given in /home/fram/projects/ptest/src/RunnerManager.php on line 94
[16-Jul-2014 13:57:17 Europe/Berlin] PHP Notice:  Undefined variable: stdout_file in /home/fram/projects/ptest/src/RunnerManager.php on line 43
[16-Jul-2014 13:57:17 Europe/Berlin] PHP Notice:  Undefined variable: stderr_file in /home/fram/projects/ptest/src/RunnerManager.php on line 44
[16-Jul-2014 13:57:17 Europe/Berlin] PHP Warning:  proc_open(): Filename cannot be empty in /home/fram/projects/ptest/src/RunnerManager.php on line 79
[16-Jul-2014 13:57:17 Europe/Berlin] PHP Warning:  proc_get_status() expects parameter 1 to be resource, boolean given in /home/fram/projects/ptest/src/RunnerManager.php on line 94
[16-Jul-2014 13:57:17 Europe/Berlin] PHP Warning:  proc_get_status() expects parameter 1 to be resource, boolean given in /home/fram/projects/ptest/src/RunnerManager.php on line 94
[16-Jul-2014 13:57:17 Europe/Berlin] PHP Warning:  proc_get_status() expects parameter 1 to be resource, boolean given in /home/fram/projects/ptest/src/RunnerManager.php on line 94
[16-Jul-2014 13:57:17 Europe/Berlin] PHP Notice:  Undefined variable: stdout_file in /home/fram/projects/ptest/src/RunnerManager.php on line 43
[16-Jul-2014 13:57:17 Europe/Berlin] PHP Notice:  Undefined variable: stderr_file in /home/fram/projects/ptest/src/RunnerManager.php on line 44
[16-Jul-2014 13:57:17 Europe/Berlin] PHP Warning:  proc_open(): Filename cannot be empty in /home/fram/projects/ptest/src/RunnerManager.php on line 79
[16-Jul-2014 13:57:17 Europe/Berlin] PHP Warning:  proc_get_status() expects parameter 1 to be resource, boolean given in /home/fram/projects/ptest/src/RunnerManager.php on line 94
[16-Jul-2014 13:57:17 Europe/Berlin] PHP Warning:  proc_get_status() expects parameter 1 to be resource, boolean given in /home/fram/projects/ptest/src/RunnerManager.php on line 94
[16-Jul-2014 13:57:17 Europe/Berlin] PHP Warning:  proc_get_status() expects parameter 1 to be resource, boolean given in /home/fram/projects/ptest/src/RunnerManager.php on line 94
[16-Jul-2014 13:57:17 Europe/Berlin] PHP Warning:  proc_get_status() expects parameter 1 to be resource, boolean given in /home/fram/projects/ptest/src/RunnerManager.php on line 94
[16-Jul-2014 13:57:17 Europe/Berlin] PHP Notice:  Undefined variable: stdout_file in /home/fram/projects/ptest/src/RunnerManager.php on line 43
[16-Jul-2014 13:57:17 Europe/Berlin] PHP Notice:  Undefined variable: stderr_file in /home/fram/projects/ptest/src/RunnerManager.php on line 44
[16-Jul-2014 13:57:17 Europe/Berlin] PHP Warning:  proc_open(): Filename cannot be empty in /home/fram/projects/ptest/src/RunnerManager.php on line 79
[16-Jul-2014 13:57:17 Europe/Berlin] PHP Warning:  proc_get_status() expects parameter 1 to be resource, boolean given in /home/fram/projects/ptest/src/RunnerManager.php on line 94
[16-Jul-2014 13:57:17 Europe/Berlin] PHP Warning:  proc_get_status() expects parameter 1 to be resource, boolean given in /home/fram/projects/ptest/src/RunnerManager.php on line 94
[16-Jul-2014 13:57:17 Europe/Berlin] PHP Warning:  proc_get_status() expects parameter 1 to be resource, boolean given in /home/fram/projects/ptest/src/RunnerManager.php on line 94
[16-Jul-2014 13:57:17 Europe/Berlin] PHP Warning:  proc_get_status() expects parameter 1 to be resource, boolean given in /home/fram/projects/ptest/src/RunnerManager.php on line 94
[16-Jul-2014 13:57:17 Europe/Berlin] PHP Warning:  proc_get_status() expects parameter 1 to be resource, boolean given in /home/fram/projects/ptest/src/RunnerManager.php on line 94
[16-Jul-2014 13:57:18 Europe/Berlin] PHP Warning:  proc_get_status() expects parameter 1 to be resource, boolean given in /home/fram/projects/ptest/src/RunnerManager.php on line 94
[16-Jul-2014 13:57:18 Europe/Berlin] PHP Warning:  proc_get_status() expects parameter 1 to be resource, boolean given in /home/fram/projects/ptest/src/RunnerManager.php on line 94
[16-Jul-2014 13:57:18 Europe/Berlin] PHP Warning:  proc_get_status() expects parameter 1 to be resource, boolean given in /home/fram/projects/ptest/src/RunnerManager.php on line 94
[16-Jul-2014 13:57:18 Europe/Berlin] PHP Warning:  proc_get_status() expects parameter 1 to be resource, boolean given in /home/fram/projects/ptest/src/RunnerManager.php on line 94
[16-Jul-2014 13:57:18 Europe/Berlin] PHP Warning:  proc_get_status() expects parameter 1 to be resource, boolean given in /home/fram/projects/ptest/src/RunnerManager.php on line 94
[16-Jul-2014 13:57:19 Europe/Berlin] PHP Warning:  proc_get_status() expects parameter 1 to be resource, boolean given in /home/fram/projects/ptest/src/RunnerManager.php on line 94
[16-Jul-2014 13:57:19 Europe/Berlin] PHP Warning:  proc_get_status() expects parameter 1 to be resource, boolean given in /home/fram/projects/ptest/src/RunnerManager.php on line 94
[16-Jul-2014 13:57:19 Europe/Berlin] PHP Warning:  proc_get_status() expects parameter 1 to be resource, boolean given in /home/fram/projects/ptest/src/RunnerManager.php on line 94
[16-Jul-2014 13:57:19 Europe/Berlin] PHP Warning:  proc_get_status() expects parameter 1 to be resource, boolean given in /home/fram/projects/ptest/src/RunnerManager.php on line 94
[16-Jul-2014 13:57:19 Europe/Berlin] PHP Warning:  proc_get_status() expects parameter 1 to be resource, boolean given in /home/fram/projects/ptest/src/RunnerManager.php on line 94
[16-Jul-2014 13:57:20 Europe/Berlin] PHP Warning:  proc_get_status() expects parameter 1 to be resource, boolean given in /home/fram/projects/ptest/src/RunnerManager.php on line 94
[16-Jul-2014 13:57:20 Europe/Berlin] PHP Warning:  proc_get_status() expects parameter 1 to be resource, boolean given in /home/fram/projects/ptest/src/RunnerManager.php on line 94
[16-Jul-2014 13:57:20 Europe/Berlin] PHP Warning:  proc_get_status() expects parameter 1 to be resource, boolean given in /home/fram/projects/ptest/src/RunnerManager.php on line 94
[16-Jul-2014 13:57:20 Europe/Berlin] PHP Warning:  proc_get_status() expects parameter 1 to be resource, boolean given in /home/fram/projects/ptest/src/RunnerManager.php on line 94
[16-Jul-2014 13:57:20 Europe/Berlin] PHP Warning:  proc_get_status() expects parameter 1 to be resource, boolean given in /home/fram/projects/ptest/src/RunnerManager.php on line 94
[16-Jul-2014 13:57:21 Europe/Berlin] PHP Warning:  proc_get_status() expects parameter 1 to be resource, boolean given in /home/fram/projects/ptest/src/RunnerManager.php on line 94
[16-Jul-2014 13:57:21 Europe/Berlin] PHP Warning:  proc_get_status() expects parameter 1 to be resource, boolean given in /home/fram/projects/ptest/src/RunnerManager.php on line 94
[16-Jul-2014 13:57:21 Europe/Berlin] PHP Warning:  proc_get_status() expects parameter 1 to be resource, boolean given in /home/fram/projects/ptest/src/RunnerManager.php on line 94
[16-Jul-2014 13:57:21 Europe/Berlin] PHP Warning:  proc_get_status() expects parameter 1 to be resource, boolean given in /home/fram/projects/ptest/src/RunnerManager.php on line 94
[16-Jul-2014 13:57:21 Europe/Berlin] PHP Warning:  proc_get_status() expects parameter 1 to be resource, boolean given in /home/fram/projects/ptest/src/RunnerManager.php on line 94
[16-Jul-2014 13:57:22 Europe/Berlin] PHP Warning:  proc_get_status() expects parameter 1 to be resource, boolean given in /home/fram/projects/ptest/src/RunnerManager.php on line 94
[16-Jul-2014 13:57:22 Europe/Berlin] PHP Warning:  proc_get_status() expects parameter 1 to be resource, boolean given in /home/fram/projects/ptest/src/RunnerManager.php on line 94
[16-Jul-2014 13:57:22 Europe/Berlin] PHP Warning:  proc_get_status() expects parameter 1 to be resource, boolean given in /home/fram/projects/ptest/src/RunnerManager.php on line 94
[16-Jul-2014 13:57:22 Europe/Berlin] PHP Warning:  proc_get_status() expects parameter 1 to be resource, boolean given in /home/fram/projects/ptest/src/RunnerManager.php on line 94
[16-Jul-2014 13:57:22 Europe/Berlin] PHP Warning:  proc_get_status() expects parameter 1 to be resource, boolean given in /home/fram/projects/ptest/src/RunnerManager.php on line 94
[16-Jul-2014 13:57:23 Europe/Berlin] PHP Warning:  proc_get_status() expects parameter 1 to be resource, boolean given in /home/fram/projects/ptest/src/RunnerManager.php on line 94
[16-Jul-2014 13:57:23 Europe/Berlin] PHP Warning:  proc_get_status() expects parameter 1 to be resource, boolean given in /home/fram/projects/ptest/src/RunnerManager.php on line 94
[16-Jul-2014 13:57:23 Europe/Berlin] PHP Warning:  proc_get_status() expects parameter 1 to be resource, boolean given in /home/fram/projects/ptest/src/RunnerManager.php on line 94
[16-Jul-2014 13:57:23 Europe/Berlin] PHP Warning:  proc_get_status() expects parameter 1 to be resource, boolean given in /home/fram/projects/ptest/src/RunnerManager.php on line 94
[16-Jul-2014 13:57:23 Europe/Berlin] PHP Warning:  proc_get_status() expects parameter 1 to be resource, boolean given in /home/fram/projects/ptest/src/RunnerManager.php on line 94
[16-Jul-2014 13:57:24 Europe/Berlin] PHP Warning:  proc_get_status() expects parameter 1 to be resource, boolean given in /home/fram/projects/ptest/src/RunnerManager.php on line 94
[16-Jul-2014 13:57:24 Europe/Berlin] PHP Warning:  proc_get_status() expects parameter 1 to be resource, boolean given in /home/fram/projects/ptest/src/RunnerManager.php on line 94
[16-Jul-2014 13:57:24 Europe/Berlin] PHP Warning:  proc_get_status() expects parameter 1 to be resource, boolean given in /home/fram/projects/ptest/src/RunnerManager.php on line 94
[16-Jul-2014 13:57:24 Europe/Berlin] PHP Warning:  proc_get_status() expects parameter 1 to be resource, boolean given in /home/fram/projects/ptest/src/RunnerManager.php on line 94
[16-Jul-2014 13:57:24 Europe/Berlin] PHP Warning:  proc_get_status() expects parameter 1 to be resource, boolean given in /home/fram/projects/ptest/src/RunnerManager.php on line 94
[16-Jul-2014 13:57:25 Europe/Berlin] PHP Warning:  proc_get_status() expects parameter 1 to be resource, boolean given in /home/fram/projects/ptest/src/RunnerManager.php on line 94
[16-Jul-2014 13:57:25 Europe/Berlin] PHP Warning:  proc_get_status() expects parameter 1 to be resource, boolean given in /home/fram/projects/ptest/src/RunnerManager.php on line 94
[16-Jul-2014 13:57:25 Europe/Berlin] PHP Warning:  proc_get_status() expects parameter 1 to be resource, boolean given in /home/fram/projects/ptest/src/RunnerManager.php on line 94
[16-Jul-2014 13:57:25 Europe/Berlin] PHP Warning:  proc_get_status() expects parameter 1 to be resource, boolean given in /home/fram/projects/ptest/src/RunnerManager.php on line 94
[16-Jul-2014 13:57:25 Europe/Berlin] PHP Warning:  proc_get_status() expects parameter 1 to be resource, boolean given in /home/fram/projects/ptest/src/RunnerManager.php on line 94
[16-Jul-2014 13:57:26 Europe/Berlin] PHP Warning:  proc_get_status() expects parameter 1 to be resource, boolean given in /home/fram/projects/ptest/src/RunnerManager.php on line 94
[16-Jul-2014 13:57:26 Europe/Berlin] PHP Warning:  proc_get_status() expects parameter 1 to be resource, boolean given in /home/fram/projects/ptest/src/RunnerManager.php on line 94
[16-Jul-2014 13:57:26 Europe/Berlin] PHP Warning:  proc_get_status() expects parameter 1 to be resource, boolean given in /home/fram/projects/ptest/src/RunnerManager.php on line 94
[16-Jul-2014 13:57:26 Europe/Berlin] PHP Warning:  proc_get_status() expects parameter 1 to be resource, boolean given in /home/fram/projects/ptest/src/RunnerManager.php on line 94
[16-Jul-2014 13:57:26 Europe/Berlin] PHP Warning:  proc_get_status() expects parameter 1 to be resource, boolean given in /home/fram/projects/ptest/src/RunnerManager.php on line 94
[16-Jul-2014 13:57:27 Europe/Berlin] PHP Warning:  proc_get_status() expects parameter 1 to be resource, boolean given in /home/fram/projects/ptest/src/RunnerManager.php on line 94
[16-Jul-2014 13:57:27 Europe/Berlin] PHP Warning:  proc_get_status() expects parameter 1 to be resource, boolean given in /home/fram/projects/ptest/src/RunnerManager.php on line 94
[16-Jul-2014 13:57:27 Europe/Berlin] PHP Warning:  proc_get_status() expects parameter 1 to be resource, boolean given in /home/fram/projects/ptest/src/RunnerManager.php on line 94
[16-Jul-2014 13:57:27 Europe/Berlin] PHP Warning:  proc_get_status() expects parameter 1 to be resource, boolean given in /home/fram/projects/ptest/src/RunnerManager.php on line 94
[16-Jul-2014 13:57:27 Europe/Berlin] PHP Warning:  proc_get_status() expects parameter 1 to be resource, boolean given in /home/fram/projects/ptest/src/RunnerManager.php on line 94
[16-Jul-2014 13:57:28 Europe/Berlin] PHP Warning:  proc_get_status() expects parameter 1 to be resource, boolean given in /home/fram/projects/ptest/src/RunnerManager.php on line 94
[16-Jul-2014 13:57:28 Europe/Berlin] PHP Warning:  proc_get_status() expects parameter 1 to be resource, boolean given in /home/fram/projects/ptest/src/RunnerManager.php on line 94
[16-Jul-2014 13:57:28 Europe/Berlin] PHP Warning:  proc_get_status() expects parameter 1 to be resource, boolean given in /home/fram/projects/ptest/src/RunnerManager.php on line 94
[16-Jul-2014 13:57:28 Europe/Berlin] PHP Warning:  proc_get_status() expects parameter 1 to be resource, boolean given in /home/fram/projects/ptest/src/RunnerManager.php on line 94
[16-Jul-2014 13:57:28 Europe/Berlin] PHP Warning:  proc_get_status() expects parameter 1 to be resource, boolean given in /home/fram/projects/ptest/src/RunnerManager.php on line 94
[16-Jul-2014 13:57:29 Europe/Berlin] PHP Warning:  proc_get_status() expects parameter 1 to be resource, boolean given in /home/fram/projects/ptest/src/RunnerManager.php on line 94
[16-Jul-2014 13:57:29 Europe/Berlin] PHP Warning:  proc_get_status() expects parameter 1 to be resource, boolean given in /home/fram/projects/ptest/src/RunnerManager.php on line 94
[16-Jul-2014 13:57:29 Europe/Berlin] PHP Warning:  proc_get_status() expects parameter 1 to be resource, boolean given in /home/fram/projects/ptest/src/RunnerManager.php on line 94
[16-Jul-2014 13:57:29 Europe/Berlin] PHP Warning:  proc_get_status() expects parameter 1 to be resource, boolean given in /home/fram/projects/ptest/src/RunnerManager.php on line 94
[16-Jul-2014 13:57:29 Europe/Berlin] PHP Warning:  proc_get_status() expects parameter 1 to be resource, boolean given in /home/fram/projects/ptest/src/RunnerManager.php on line 94
[16-Jul-2014 13:57:30 Europe/Berlin] PHP Warning:  proc_get_status() expects parameter 1 to be resource, boolean given in /home/fram/projects/ptest/src/RunnerManager.php on line 94
[16-Jul-2014 13:57:30 Europe/Berlin] PHP Warning:  proc_get_status() expects parameter 1 to be resource, boolean given in /home/fram/projects/ptest/src/RunnerManager.php on line 94
[16-Jul-2014 13:57:30 Europe/Berlin] PHP Warning:  proc_get_status() expects parameter 1 to be resource, boolean given in /home/fram/projects/ptest/src/RunnerManager.php on line 94
[16-Jul-2014 13:57:30 Europe/Berlin] PHP Warning:  proc_get_status() expects parameter 1 to be resource, boolean given in /home/fram/projects/ptest/src/RunnerManager.php on line 94
[16-Jul-2014 13:57:30 Europe/Berlin] PHP Warning:  proc_get_status() expects parameter 1 to be resource, boolean given in /home/fram/projects/ptest/src/RunnerManager.php on line 94
[16-Jul-2014 13:57:31 Europe/Berlin] PHP Warning:  proc_get_status() expects parameter 1 to be resource, boolean given in /home/fram/projects/ptest/src/RunnerManager.php on line 94
[16-Jul-2014 13:57:31 Europe/Berlin] PHP Warning:  proc_get_status() expects parameter 1 to be resource, boolean given in /home/fram/projects/ptest/src/RunnerManager.php on line 94
[16-Jul-2014 13:57:31 Europe/Berlin] PHP Warning:  proc_get_status() expects parameter 1 to be resource, boolean given in /home/fram/projects/ptest/src/RunnerManager.php on line 94
[16-Jul-2014 13:57:31 Europe/Berlin] PHP Warning:  proc_get_status() expects parameter 1 to be resource, boolean given in /home/fram/projects/ptest/src/RunnerManager.php on line 94
[16-Jul-2014 13:57:31 Europe/Berlin] PHP Warning:  proc_get_status() expects parameter 1 to be resource, boolean given in /home/fram/projects/ptest/src/RunnerManager.php on line 94
[16-Jul-2014 13:57:32 Europe/Berlin] PHP Warning:  proc_get_status() expects parameter 1 to be resource, boolean given in /home/fram/projects/ptest/src/RunnerManager.php on line 94
[16-Jul-2014 13:57:32 Europe/Berlin] PHP Warning:  proc_get_status() expects parameter 1 to be resource, boolean given in /home/fram/projects/ptest/src/RunnerManager.php on line 94
[16-Jul-2014 13:57:32 Europe/Berlin] PHP Warning:  proc_get_status() expects parameter 1 to be resource, boolean given in /home/fram/projects/ptest/src/RunnerManager.php on line 94
[16-Jul-2014 13:57:32 Europe/Berlin] PHP Warning:  proc_get_status() expects parameter 1 to be resource, boolean given in /home/fram/projects/ptest/src/RunnerManager.php on line 94
[16-Jul-2014 13:57:32 Europe/Berlin] PHP Warning:  proc_get_status() expects parameter 1 to be resource, boolean given in /home/fram/projects/ptest/src/RunnerManager.php on line 94
[16-Jul-2014 13:57:33 Europe/Berlin] PHP Warning:  proc_get_status() expects parameter 1 to be resource, boolean given in /home/fram/projects/ptest/src/RunnerManager.php on line 94
[16-Jul-2014 13:57:33 Europe/Berlin] PHP Warning:  proc_get_status() expects parameter 1 to be resource, boolean given in /home/fram/projects/ptest/src/RunnerManager.php on line 94
[16-Jul-2014 13:57:33 Europe/Berlin] PHP Warning:  proc_get_status() expects parameter 1 to be resource, boolean given in /home/fram/projects/ptest/src/RunnerManager.php on line 94
[16-Jul-2014 13:57:33 Europe/Berlin] PHP Warning:  proc_get_status() expects parameter 1 to be resource, boolean given in /home/fram/projects/ptest/src/RunnerManager.php on line 94
[16-Jul-2014 13:57:33 Europe/Berlin] PHP Warning:  proc_get_status() expects parameter 1 to be resource, boolean given in /home/fram/projects/ptest/src/RunnerManager.php on line 94
[16-Jul-2014 13:57:34 Europe/Berlin] PHP Warning:  proc_get_status() expects parameter 1 to be resource, boolean given in /home/fram/projects/ptest/src/RunnerManager.php on line 94
[16-Jul-2014 13:57:34 Europe/Berlin] PHP Warning:  proc_get_status() expects parameter 1 to be resource, boolean given in /home/fram/projects/ptest/src/RunnerManager.php on line 94
[16-Jul-2014 13:57:34 Europe/Berlin] PHP Warning:  proc_get_status() expects parameter 1 to be resource, boolean given in /home/fram/projects/ptest/src/RunnerManager.php on line 94
[16-Jul-2014 13:57:34 Europe/Berlin] PHP Warning:  proc_get_status() expects parameter 1 to be resource, boolean given in /home/fram/projects/ptest/src/RunnerManager.php on line 94
[16-Jul-2014 13:57:34 Europe/Berlin] PHP Warning:  proc_get_status() expects parameter 1 to be resource, boolean given in /home/fram/projects/ptest/src/RunnerManager.php on line 94
[16-Jul-2014 13:57:57 Europe/Berlin] PHP Notice:  Undefined variable: stdout_file in /home/fram/projects/ptest/src/RunnerManager.php on line 43
[16-Jul-2014 13:57:57 Europe/Berlin] PHP Notice:  Undefined variable: stderr_file in /home/fram/projects/ptest/src/RunnerManager.php on line 44
[16-Jul-2014 13:57:57 Europe/Berlin] PHP Warning:  proc_open(): Filename cannot be empty in /home/fram/projects/ptest/src/RunnerManager.php on line 79
[16-Jul-2014 13:57:57 Europe/Berlin] PHP Warning:  proc_get_status() expects parameter 1 to be resource, boolean given in /home/fram/projects/ptest/src/RunnerManager.php on line 94
[16-Jul-2014 13:57:57 Europe/Berlin] PHP Notice:  Undefined variable: stdout_file in /home/fram/projects/ptest/src/RunnerManager.php on line 43
[16-Jul-2014 13:57:57 Europe/Berlin] PHP Notice:  Undefined variable: stderr_file in /home/fram/projects/ptest/src/RunnerManager.php on line 44
[16-Jul-2014 13:57:57 Europe/Berlin] PHP Warning:  proc_open(): Filename cannot be empty in /home/fram/projects/ptest/src/RunnerManager.php on line 79
[16-Jul-2014 13:57:57 Europe/Berlin] PHP Warning:  proc_get_status() expects parameter 1 to be resource, boolean given in /home/fram/projects/ptest/src/RunnerManager.php on line 94
[16-Jul-2014 13:57:57 Europe/Berlin] PHP Warning:  proc_get_status() expects parameter 1 to be resource, boolean given in /home/fram/projects/ptest/src/RunnerManager.php on line 94
[16-Jul-2014 13:57:57 Europe/Berlin] PHP Notice:  Undefined variable: stdout_file in /home/fram/projects/ptest/src/RunnerManager.php on line 43
[16-Jul-2014 13:57:57 Europe/Berlin] PHP Notice:  Undefined variable: stderr_file in /home/fram/projects/ptest/src/RunnerManager.php on line 44
[16-Jul-2014 13:57:57 Europe/Berlin] PHP Warning:  proc_open(): Filename cannot be empty in /home/fram/projects/ptest/src/RunnerManager.php on line 79
[16-Jul-2014 13:57:57 Europe/Berlin] PHP Warning:  proc_get_status() expects parameter 1 to be resource, boolean given in /home/fram/projects/ptest/src/RunnerManager.php on line 94
[16-Jul-2014 13:57:57 Europe/Berlin] PHP Warning:  proc_get_status() expects parameter 1 to be resource, boolean given in /home/fram/projects/ptest/src/RunnerManager.php on line 94
[16-Jul-2014 13:57:57 Europe/Berlin] PHP Warning:  proc_get_status() expects parameter 1 to be resource, boolean given in /home/fram/projects/ptest/src/RunnerManager.php on line 94
[16-Jul-2014 13:57:57 Europe/Berlin] PHP Notice:  Undefined variable: stdout_file in /home/fram/projects/ptest/src/RunnerManager.php on line 43
[16-Jul-2014 13:57:57 Europe/Berlin] PHP Notice:  Undefined variable: stderr_file in /home/fram/projects/ptest/src/RunnerManager.php on line 44
[16-Jul-2014 13:57:57 Europe/Berlin] PHP Warning:  proc_open(): Filename cannot be empty in /home/fram/projects/ptest/src/RunnerManager.php on line 79
[16-Jul-2014 13:57:57 Europe/Berlin] PHP Warning:  proc_get_status() expects parameter 1 to be resource, boolean given in /home/fram/projects/ptest/src/RunnerManager.php on line 94
[16-Jul-2014 13:57:57 Europe/Berlin] PHP Warning:  proc_get_status() expects parameter 1 to be resource, boolean given in /home/fram/projects/ptest/src/RunnerManager.php on line 94
[16-Jul-2014 13:57:57 Europe/Berlin] PHP Warning:  proc_get_status() expects parameter 1 to be resource, boolean given in /home/fram/projects/ptest/src/RunnerManager.php on line 94
[16-Jul-2014 13:57:57 Europe/Berlin] PHP Warning:  proc_get_status() expects parameter 1 to be resource, boolean given in /home/fram/projects/ptest/src/RunnerManager.php on line 94
[16-Jul-2014 13:57:57 Europe/Berlin] PHP Notice:  Undefined variable: stdout_file in /home/fram/projects/ptest/src/RunnerManager.php on line 43
[16-Jul-2014 13:57:57 Europe/Berlin] PHP Notice:  Undefined variable: stderr_file in /home/fram/projects/ptest/src/RunnerManager.php on line 44
[16-Jul-2014 13:57:57 Europe/Berlin] PHP Warning:  proc_open(): Filename cannot be empty in /home/fram/projects/ptest/src/RunnerManager.php on line 79
[16-Jul-2014 13:57:57 Europe/Berlin] PHP Warning:  proc_get_status() expects parameter 1 to be resource, boolean given in /home/fram/projects/ptest/src/RunnerManager.php on line 94
[16-Jul-2014 13:57:57 Europe/Berlin] PHP Warning:  proc_get_status() expects parameter 1 to be resource, boolean given in /home/fram/projects/ptest/src/RunnerManager.php on line 94
[16-Jul-2014 13:57:57 Europe/Berlin] PHP Warning:  proc_get_status() expects parameter 1 to be resource, boolean given in /home/fram/projects/ptest/src/RunnerManager.php on line 94
[16-Jul-2014 13:57:57 Europe/Berlin] PHP Warning:  proc_get_status() expects parameter 1 to be resource, boolean given in /home/fram/projects/ptest/src/RunnerManager.php on line 94
[16-Jul-2014 13:57:57 Europe/Berlin] PHP Warning:  proc_get_status() expects parameter 1 to be resource, boolean given in /home/fram/projects/ptest/src/RunnerManager.php on line 94
[16-Jul-2014 13:57:58 Europe/Berlin] PHP Warning:  proc_get_status() expects parameter 1 to be resource, boolean given in /home/fram/projects/ptest/src/RunnerManager.php on line 94
[16-Jul-2014 13:57:58 Europe/Berlin] PHP Warning:  proc_get_status() expects parameter 1 to be resource, boolean given in /home/fram/projects/ptest/src/RunnerManager.php on line 94
[16-Jul-2014 13:57:58 Europe/Berlin] PHP Warning:  proc_get_status() expects parameter 1 to be resource, boolean given in /home/fram/projects/ptest/src/RunnerManager.php on line 94
[16-Jul-2014 13:57:58 Europe/Berlin] PHP Warning:  proc_get_status() expects parameter 1 to be resource, boolean given in /home/fram/projects/ptest/src/RunnerManager.php on line 94
[16-Jul-2014 13:57:58 Europe/Berlin] PHP Warning:  proc_get_status() expects parameter 1 to be resource, boolean given in /home/fram/projects/ptest/src/RunnerManager.php on line 94
[16-Jul-2014 13:57:59 Europe/Berlin] PHP Warning:  proc_get_status() expects parameter 1 to be resource, boolean given in /home/fram/projects/ptest/src/RunnerManager.php on line 94
[16-Jul-2014 13:57:59 Europe/Berlin] PHP Warning:  proc_get_status() expects parameter 1 to be resource, boolean given in /home/fram/projects/ptest/src/RunnerManager.php on line 94
[16-Jul-2014 13:57:59 Europe/Berlin] PHP Warning:  proc_get_status() expects parameter 1 to be resource, boolean given in /home/fram/projects/ptest/src/RunnerManager.php on line 94
[16-Jul-2014 13:57:59 Europe/Berlin] PHP Warning:  proc_get_status() expects parameter 1 to be resource, boolean given in /home/fram/projects/ptest/src/RunnerManager.php on line 94
[16-Jul-2014 13:57:59 Europe/Berlin] PHP Warning:  proc_get_status() expects parameter 1 to be resource, boolean given in /home/fram/projects/ptest/src/RunnerManager.php on line 94
[16-Jul-2014 13:58:00 Europe/Berlin] PHP Warning:  proc_get_status() expects parameter 1 to be resource, boolean given in /home/fram/projects/ptest/src/RunnerManager.php on line 94
[16-Jul-2014 13:58:00 Europe/Berlin] PHP Warning:  proc_get_status() expects parameter 1 to be resource, boolean given in /home/fram/projects/ptest/src/RunnerManager.php on line 94
[16-Jul-2014 13:58:00 Europe/Berlin] PHP Warning:  proc_get_status() expects parameter 1 to be resource, boolean given in /home/fram/projects/ptest/src/RunnerManager.php on line 94
[16-Jul-2014 13:58:00 Europe/Berlin] PHP Warning:  proc_get_status() expects parameter 1 to be resource, boolean given in /home/fram/projects/ptest/src/RunnerManager.php on line 94
[16-Jul-2014 13:58:00 Europe/Berlin] PHP Warning:  proc_get_status() expects parameter 1 to be resource, boolean given in /home/fram/projects/ptest/src/RunnerManager.php on line 94
[16-Jul-2014 13:58:01 Europe/Berlin] PHP Warning:  proc_get_status() expects parameter 1 to be resource, boolean given in /home/fram/projects/ptest/src/RunnerManager.php on line 94
[16-Jul-2014 13:58:01 Europe/Berlin] PHP Warning:  proc_get_status() expects parameter 1 to be resource, boolean given in /home/fram/projects/ptest/src/RunnerManager.php on line 94
[16-Jul-2014 13:58:01 Europe/Berlin] PHP Warning:  proc_get_status() expects parameter 1 to be resource, boolean given in /home/fram/projects/ptest/src/RunnerManager.php on line 94
[16-Jul-2014 13:58:01 Europe/Berlin] PHP Warning:  proc_get_status() expects parameter 1 to be resource, boolean given in /home/fram/projects/ptest/src/RunnerManager.php on line 94
[16-Jul-2014 13:58:01 Europe/Berlin] PHP Warning:  proc_get_status() expects parameter 1 to be resource, boolean given in /home/fram/projects/ptest/src/RunnerManager.php on line 94
[16-Jul-2014 13:58:02 Europe/Berlin] PHP Warning:  proc_get_status() expects parameter 1 to be resource, boolean given in /home/fram/projects/ptest/src/RunnerManager.php on line 94
[16-Jul-2014 13:58:02 Europe/Berlin] PHP Warning:  proc_get_status() expects parameter 1 to be resource, boolean given in /home/fram/projects/ptest/src/RunnerManager.php on line 94
[16-Jul-2014 13:58:02 Europe/Berlin] PHP Warning:  proc_get_status() expects parameter 1 to be resource, boolean given in /home/fram/projects/ptest/src/RunnerManager.php on line 94
[16-Jul-2014 13:58:02 Europe/Berlin] PHP Warning:  proc_get_status() expects parameter 1 to be resource, boolean given in /home/fram/projects/ptest/src/RunnerManager.php on line 94
[16-Jul-2014 13:58:02 Europe/Berlin] PHP Warning:  proc_get_status() expects parameter 1 to be resource, boolean given in /home/fram/projects/ptest/src/RunnerManager.php on line 94
[16-Jul-2014 13:58:03 Europe/Berlin] PHP Warning:  proc_get_status() expects parameter 1 to be resource, boolean given in /home/fram/projects/ptest/src/RunnerManager.php on line 94
[16-Jul-2014 13:58:03 Europe/Berlin] PHP Warning:  proc_get_status() expects parameter 1 to be resource, boolean given in /home/fram/projects/ptest/src/RunnerManager.php on line 94
[16-Jul-2014 13:58:03 Europe/Berlin] PHP Warning:  proc_get_status() expects parameter 1 to be resource, boolean given in /home/fram/projects/ptest/src/RunnerManager.php on line 94
[16-Jul-2014 13:58:03 Europe/Berlin] PHP Warning:  proc_get_status() expects parameter 1 to be resource, boolean given in /home/fram/projects/ptest/src/RunnerManager.php on line 94
[16-Jul-2014 13:58:03 Europe/Berlin] PHP Warning:  proc_get_status() expects parameter 1 to be resource, boolean given in /home/fram/projects/ptest/src/RunnerManager.php on line 94
[16-Jul-2014 13:58:04 Europe/Berlin] PHP Warning:  proc_get_status() expects parameter 1 to be resource, boolean given in /home/fram/projects/ptest/src/RunnerManager.php on line 94
[16-Jul-2014 13:58:04 Europe/Berlin] PHP Warning:  proc_get_status() expects parameter 1 to be resource, boolean given in /home/fram/projects/ptest/src/RunnerManager.php on line 94
[16-Jul-2014 13:58:04 Europe/Berlin] PHP Warning:  proc_get_status() expects parameter 1 to be resource, boolean given in /home/fram/projects/ptest/src/RunnerManager.php on line 94
[16-Jul-2014 13:58:04 Europe/Berlin] PHP Warning:  proc_get_status() expects parameter 1 to be resource, boolean given in /home/fram/projects/ptest/src/RunnerManager.php on line 94
[16-Jul-2014 13:58:04 Europe/Berlin] PHP Warning:  proc_get_status() expects parameter 1 to be resource, boolean given in /home/fram/projects/ptest/src/RunnerManager.php on line 94
[16-Jul-2014 13:58:05 Europe/Berlin] PHP Warning:  proc_get_status() expects parameter 1 to be resource, boolean given in /home/fram/projects/ptest/src/RunnerManager.php on line 94
[16-Jul-2014 13:58:05 Europe/Berlin] PHP Warning:  proc_get_status() expects parameter 1 to be resource, boolean given in /home/fram/projects/ptest/src/RunnerManager.php on line 94
[16-Jul-2014 13:58:05 Europe/Berlin] PHP Warning:  proc_get_status() expects parameter 1 to be resource, boolean given in /home/fram/projects/ptest/src/RunnerManager.php on line 94
[16-Jul-2014 13:58:05 Europe/Berlin] PHP Warning:  proc_get_status() expects parameter 1 to be resource, boolean given in /home/fram/projects/ptest/src/RunnerManager.php on line 94
[16-Jul-2014 13:58:05 Europe/Berlin] PHP Warning:  proc_get_status() expects parameter 1 to be resource, boolean given in /home/fram/projects/ptest/src/RunnerManager.php on line 94
[16-Jul-2014 13:58:06 Europe/Berlin] PHP Warning:  proc_get_status() expects parameter 1 to be resource, boolean given in /home/fram/projects/ptest/src/RunnerManager.php on line 94
[16-Jul-2014 13:58:06 Europe/Berlin] PHP Warning:  proc_get_status() expects parameter 1 to be resource, boolean given in /home/fram/projects/ptest/src/RunnerManager.php on line 94
[16-Jul-2014 13:58:06 Europe/Berlin] PHP Warning:  proc_get_status() expects parameter 1 to be resource, boolean given in /home/fram/projects/ptest/src/RunnerManager.php on line 94
[16-Jul-2014 13:58:06 Europe/Berlin] PHP Warning:  proc_get_status() expects parameter 1 to be resource, boolean given in /home/fram/projects/ptest/src/RunnerManager.php on line 94
[16-Jul-2014 13:58:06 Europe/Berlin] PHP Warning:  proc_get_status() expects parameter 1 to be resource, boolean given in /home/fram/projects/ptest/src/RunnerManager.php on line 94
[16-Jul-2014 13:58:07 Europe/Berlin] PHP Warning:  proc_get_status() expects parameter 1 to be resource, boolean given in /home/fram/projects/ptest/src/RunnerManager.php on line 94
[16-Jul-2014 13:58:07 Europe/Berlin] PHP Warning:  proc_get_status() expects parameter 1 to be resource, boolean given in /home/fram/projects/ptest/src/RunnerManager.php on line 94
[16-Jul-2014 13:58:07 Europe/Berlin] PHP Warning:  proc_get_status() expects parameter 1 to be resource, boolean given in /home/fram/projects/ptest/src/RunnerManager.php on line 94
[16-Jul-2014 13:58:07 Europe/Berlin] PHP Warning:  proc_get_status() expects parameter 1 to be resource, boolean given in /home/fram/projects/ptest/src/RunnerManager.php on line 94
[16-Jul-2014 13:58:07 Europe/Berlin] PHP Warning:  proc_get_status() expects parameter 1 to be resource, boolean given in /home/fram/projects/ptest/src/RunnerManager.php on line 94
[16-Jul-2014 13:58:08 Europe/Berlin] PHP Warning:  proc_get_status() expects parameter 1 to be resource, boolean given in /home/fram/projects/ptest/src/RunnerManager.php on line 94
[16-Jul-2014 13:58:08 Europe/Berlin] PHP Warning:  proc_get_status() expects parameter 1 to be resource, boolean given in /home/fram/projects/ptest/src/RunnerManager.php on line 94
[16-Jul-2014 13:58:08 Europe/Berlin] PHP Warning:  proc_get_status() expects parameter 1 to be resource, boolean given in /home/fram/projects/ptest/src/RunnerManager.php on line 94
[16-Jul-2014 13:58:08 Europe/Berlin] PHP Warning:  proc_get_status() expects parameter 1 to be resource, boolean given in /home/fram/projects/ptest/src/RunnerManager.php on line 94
[16-Jul-2014 13:58:08 Europe/Berlin] PHP Warning:  proc_get_status() expects parameter 1 to be resource, boolean given in /home/fram/projects/ptest/src/RunnerManager.php on line 94
[16-Jul-2014 13:58:09 Europe/Berlin] PHP Warning:  proc_get_status() expects parameter 1 to be resource, boolean given in /home/fram/projects/ptest/src/RunnerManager.php on line 94
[16-Jul-2014 13:58:09 Europe/Berlin] PHP Warning:  proc_get_status() expects parameter 1 to be resource, boolean given in /home/fram/projects/ptest/src/RunnerManager.php on line 94
[16-Jul-2014 13:58:09 Europe/Berlin] PHP Warning:  proc_get_status() expects parameter 1 to be resource, boolean given in /home/fram/projects/ptest/src/RunnerManager.php on line 94
[16-Jul-2014 13:58:09 Europe/Berlin] PHP Warning:  proc_get_status() expects parameter 1 to be resource, boolean given in /home/fram/projects/ptest/src/RunnerManager.php on line 94
[16-Jul-2014 13:58:09 Europe/Berlin] PHP Warning:  proc_get_status() expects parameter 1 to be resource, boolean given in /home/fram/projects/ptest/src/RunnerManager.php on line 94
[16-Jul-2014 13:58:10 Europe/Berlin] PHP Warning:  proc_get_status() expects parameter 1 to be resource, boolean given in /home/fram/projects/ptest/src/RunnerManager.php on line 94
[16-Jul-2014 13:58:10 Europe/Berlin] PHP Warning:  proc_get_status() expects parameter 1 to be resource, boolean given in /home/fram/projects/ptest/src/RunnerManager.php on line 94
[16-Jul-2014 13:58:10 Europe/Berlin] PHP Warning:  proc_get_status() expects parameter 1 to be resource, boolean given in /home/fram/projects/ptest/src/RunnerManager.php on line 94
[16-Jul-2014 13:58:10 Europe/Berlin] PHP Warning:  proc_get_status() expects parameter 1 to be resource, boolean given in /home/fram/projects/ptest/src/RunnerManager.php on line 94
[16-Jul-2014 13:58:10 Europe/Berlin] PHP Warning:  proc_get_status() expects parameter 1 to be resource, boolean given in /home/fram/projects/ptest/src/RunnerManager.php on line 94
[16-Jul-2014 13:58:35 Europe/Berlin] PHP Notice:  Undefined variable: stdout_file in /home/fram/projects/ptest/src/RunnerManager.php on line 43
[16-Jul-2014 13:58:35 Europe/Berlin] PHP Notice:  Undefined variable: stderr_file in /home/fram/projects/ptest/src/RunnerManager.php on line 44
[16-Jul-2014 13:59:05 Europe/Berlin] PHP Notice:  Undefined variable: stdout_file in /home/fram/projects/ptest/src/RunnerManager.php on line 43
[16-Jul-2014 13:59:05 Europe/Berlin] PHP Notice:  Undefined variable: stderr_file in /home/fram/projects/ptest/src/RunnerManager.php on line 44
[16-Jul-2014 13:59:05 Europe/Berlin] PHP Warning:  proc_open(): Filename cannot be empty in /home/fram/projects/ptest/src/RunnerManager.php on line 78
[16-Jul-2014 13:59:05 Europe/Berlin] PHP Warning:  proc_get_status() expects parameter 1 to be resource, boolean given in /home/fram/projects/ptest/src/RunnerManager.php on line 93
[16-Jul-2014 13:59:05 Europe/Berlin] PHP Notice:  Undefined variable: stdout_file in /home/fram/projects/ptest/src/RunnerManager.php on line 43
[16-Jul-2014 13:59:05 Europe/Berlin] PHP Notice:  Undefined variable: stderr_file in /home/fram/projects/ptest/src/RunnerManager.php on line 44
[16-Jul-2014 13:59:05 Europe/Berlin] PHP Warning:  proc_open(): Filename cannot be empty in /home/fram/projects/ptest/src/RunnerManager.php on line 78
[16-Jul-2014 13:59:05 Europe/Berlin] PHP Warning:  proc_get_status() expects parameter 1 to be resource, boolean given in /home/fram/projects/ptest/src/RunnerManager.php on line 93
[16-Jul-2014 13:59:05 Europe/Berlin] PHP Warning:  proc_get_status() expects parameter 1 to be resource, boolean given in /home/fram/projects/ptest/src/RunnerManager.php on line 93
[16-Jul-2014 13:59:05 Europe/Berlin] PHP Notice:  Undefined variable: stdout_file in /home/fram/projects/ptest/src/RunnerManager.php on line 43
[16-Jul-2014 13:59:05 Europe/Berlin] PHP Notice:  Undefined variable: stderr_file in /home/fram/projects/ptest/src/RunnerManager.php on line 44
[16-Jul-2014 13:59:05 Europe/Berlin] PHP Warning:  proc_open(): Filename cannot be empty in /home/fram/projects/ptest/src/RunnerManager.php on line 78
[16-Jul-2014 13:59:05 Europe/Berlin] PHP Warning:  proc_get_status() expects parameter 1 to be resource, boolean given in /home/fram/projects/ptest/src/RunnerManager.php on line 93
[16-Jul-2014 13:59:05 Europe/Berlin] PHP Warning:  proc_get_status() expects parameter 1 to be resource, boolean given in /home/fram/projects/ptest/src/RunnerManager.php on line 93
[16-Jul-2014 13:59:05 Europe/Berlin] PHP Warning:  proc_get_status() expects parameter 1 to be resource, boolean given in /home/fram/projects/ptest/src/RunnerManager.php on line 93
[16-Jul-2014 13:59:05 Europe/Berlin] PHP Notice:  Undefined variable: stdout_file in /home/fram/projects/ptest/src/RunnerManager.php on line 43
[16-Jul-2014 13:59:05 Europe/Berlin] PHP Notice:  Undefined variable: stderr_file in /home/fram/projects/ptest/src/RunnerManager.php on line 44
[16-Jul-2014 13:59:05 Europe/Berlin] PHP Warning:  proc_open(): Filename cannot be empty in /home/fram/projects/ptest/src/RunnerManager.php on line 78
[16-Jul-2014 13:59:05 Europe/Berlin] PHP Warning:  proc_get_status() expects parameter 1 to be resource, boolean given in /home/fram/projects/ptest/src/RunnerManager.php on line 93
[16-Jul-2014 13:59:05 Europe/Berlin] PHP Warning:  proc_get_status() expects parameter 1 to be resource, boolean given in /home/fram/projects/ptest/src/RunnerManager.php on line 93
[16-Jul-2014 13:59:05 Europe/Berlin] PHP Warning:  proc_get_status() expects parameter 1 to be resource, boolean given in /home/fram/projects/ptest/src/RunnerManager.php on line 93
[16-Jul-2014 13:59:05 Europe/Berlin] PHP Warning:  proc_get_status() expects parameter 1 to be resource, boolean given in /home/fram/projects/ptest/src/RunnerManager.php on line 93
[16-Jul-2014 13:59:05 Europe/Berlin] PHP Notice:  Undefined variable: stdout_file in /home/fram/projects/ptest/src/RunnerManager.php on line 43
[16-Jul-2014 13:59:05 Europe/Berlin] PHP Notice:  Undefined variable: stderr_file in /home/fram/projects/ptest/src/RunnerManager.php on line 44
[16-Jul-2014 13:59:05 Europe/Berlin] PHP Warning:  proc_open(): Filename cannot be empty in /home/fram/projects/ptest/src/RunnerManager.php on line 78
[16-Jul-2014 13:59:05 Europe/Berlin] PHP Warning:  proc_get_status() expects parameter 1 to be resource, boolean given in /home/fram/projects/ptest/src/RunnerManager.php on line 93
[16-Jul-2014 13:59:05 Europe/Berlin] PHP Warning:  proc_get_status() expects parameter 1 to be resource, boolean given in /home/fram/projects/ptest/src/RunnerManager.php on line 93
[16-Jul-2014 13:59:05 Europe/Berlin] PHP Warning:  proc_get_status() expects parameter 1 to be resource, boolean given in /home/fram/projects/ptest/src/RunnerManager.php on line 93
[16-Jul-2014 13:59:05 Europe/Berlin] PHP Warning:  proc_get_status() expects parameter 1 to be resource, boolean given in /home/fram/projects/ptest/src/RunnerManager.php on line 93
[16-Jul-2014 13:59:05 Europe/Berlin] PHP Warning:  proc_get_status() expects parameter 1 to be resource, boolean given in /home/fram/projects/ptest/src/RunnerManager.php on line 93
[16-Jul-2014 13:59:06 Europe/Berlin] PHP Warning:  proc_get_status() expects parameter 1 to be resource, boolean given in /home/fram/projects/ptest/src/RunnerManager.php on line 93
[16-Jul-2014 13:59:06 Europe/Berlin] PHP Warning:  proc_get_status() expects parameter 1 to be resource, boolean given in /home/fram/projects/ptest/src/RunnerManager.php on line 93
[16-Jul-2014 13:59:06 Europe/Berlin] PHP Warning:  proc_get_status() expects parameter 1 to be resource, boolean given in /home/fram/projects/ptest/src/RunnerManager.php on line 93
[16-Jul-2014 13:59:06 Europe/Berlin] PHP Warning:  proc_get_status() expects parameter 1 to be resource, boolean given in /home/fram/projects/ptest/src/RunnerManager.php on line 93
[16-Jul-2014 13:59:06 Europe/Berlin] PHP Warning:  proc_get_status() expects parameter 1 to be resource, boolean given in /home/fram/projects/ptest/src/RunnerManager.php on line 93
[16-Jul-2014 13:59:07 Europe/Berlin] PHP Warning:  proc_get_status() expects parameter 1 to be resource, boolean given in /home/fram/projects/ptest/src/RunnerManager.php on line 93
[16-Jul-2014 13:59:07 Europe/Berlin] PHP Warning:  proc_get_status() expects parameter 1 to be resource, boolean given in /home/fram/projects/ptest/src/RunnerManager.php on line 93
[16-Jul-2014 13:59:07 Europe/Berlin] PHP Warning:  proc_get_status() expects parameter 1 to be resource, boolean given in /home/fram/projects/ptest/src/RunnerManager.php on line 93
[16-Jul-2014 13:59:07 Europe/Berlin] PHP Warning:  proc_get_status() expects parameter 1 to be resource, boolean given in /home/fram/projects/ptest/src/RunnerManager.php on line 93
[16-Jul-2014 13:59:07 Europe/Berlin] PHP Warning:  proc_get_status() expects parameter 1 to be resource, boolean given in /home/fram/projects/ptest/src/RunnerManager.php on line 93
[16-Jul-2014 13:59:08 Europe/Berlin] PHP Warning:  proc_get_status() expects parameter 1 to be resource, boolean given in /home/fram/projects/ptest/src/RunnerManager.php on line 93
[16-Jul-2014 13:59:08 Europe/Berlin] PHP Warning:  proc_get_status() expects parameter 1 to be resource, boolean given in /home/fram/projects/ptest/src/RunnerManager.php on line 93
[16-Jul-2014 13:59:08 Europe/Berlin] PHP Warning:  proc_get_status() expects parameter 1 to be resource, boolean given in /home/fram/projects/ptest/src/RunnerManager.php on line 93
[16-Jul-2014 13:59:08 Europe/Berlin] PHP Warning:  proc_get_status() expects parameter 1 to be resource, boolean given in /home/fram/projects/ptest/src/RunnerManager.php on line 93
[16-Jul-2014 13:59:08 Europe/Berlin] PHP Warning:  proc_get_status() expects parameter 1 to be resource, boolean given in /home/fram/projects/ptest/src/RunnerManager.php on line 93
[16-Jul-2014 13:59:14 Europe/Berlin] PHP Notice:  Undefined variable: stdout_file in /home/fram/projects/ptest/src/RunnerManager.php on line 43
[16-Jul-2014 13:59:14 Europe/Berlin] PHP Notice:  Undefined variable: stderr_file in /home/fram/projects/ptest/src/RunnerManager.php on line 44
[16-Jul-2014 14:05:00 Europe/Berlin] PHP Notice:  Undefined index: stdout_file in /home/fram/projects/ptest/src/RunnerManager.php on line 97
[16-Jul-2014 14:05:00 Europe/Berlin] PHP Warning:  file_get_contents(): Filename cannot be empty in /home/fram/projects/ptest/src/RunnerManager.php on line 97
[16-Jul-2014 14:05:00 Europe/Berlin] PHP Notice:  Undefined index: stdout_file in /home/fram/projects/ptest/src/RunnerManager.php on line 97
[16-Jul-2014 14:05:00 Europe/Berlin] PHP Warning:  file_get_contents(): Filename cannot be empty in /home/fram/projects/ptest/src/RunnerManager.php on line 97
[16-Jul-2014 14:05:00 Europe/Berlin] PHP Notice:  Undefined index: stdout_file in /home/fram/projects/ptest/src/RunnerManager.php on line 97
[16-Jul-2014 14:05:00 Europe/Berlin] PHP Warning:  file_get_contents(): Filename cannot be empty in /home/fram/projects/ptest/src/RunnerManager.php on line 97
[16-Jul-2014 14:05:00 Europe/Berlin] PHP Notice:  Undefined index: stdout_file in /home/fram/projects/ptest/src/RunnerManager.php on line 97
[16-Jul-2014 14:05:00 Europe/Berlin] PHP Warning:  file_get_contents(): Filename cannot be empty in /home/fram/projects/ptest/src/RunnerManager.php on line 97
[16-Jul-2014 14:05:00 Europe/Berlin] PHP Notice:  Undefined index: stdout_file in /home/fram/projects/ptest/src/RunnerManager.php on line 97
[16-Jul-2014 14:05:00 Europe/Berlin] PHP Warning:  file_get_contents(): Filename cannot be empty in /home/fram/projects/ptest/src/RunnerManager.php on line 97
[16-Jul-2014 14:05:01 Europe/Berlin] PHP Notice:  Undefined index: stdout_file in /home/fram/projects/ptest/src/RunnerManager.php on line 97
[16-Jul-2014 14:05:01 Europe/Berlin] PHP Warning:  file_get_contents(): Filename cannot be empty in /home/fram/projects/ptest/src/RunnerManager.php on line 97
[16-Jul-2014 14:05:01 Europe/Berlin] PHP Notice:  Undefined index: stdout_file in /home/fram/projects/ptest/src/RunnerManager.php on line 97
[16-Jul-2014 14:05:01 Europe/Berlin] PHP Warning:  file_get_contents(): Filename cannot be empty in /home/fram/projects/ptest/src/RunnerManager.php on line 97
[16-Jul-2014 14:05:01 Europe/Berlin] PHP Notice:  Undefined index: stdout_file in /home/fram/projects/ptest/src/RunnerManager.php on line 97
[16-Jul-2014 14:05:01 Europe/Berlin] PHP Warning:  file_get_contents(): Filename cannot be empty in /home/fram/projects/ptest/src/RunnerManager.php on line 97
[16-Jul-2014 14:11:34 Europe/Berlin] PHP Parse error:  syntax error, unexpected '->' (T_OBJECT_OPERATOR) in /home/fram/projects/ptest/src/Command/Runner.php on line 24
[16-Jul-2014 14:33:24 Europe/Berlin] PHP Fatal error:  Cannot redeclare class SimpleTest in /home/fram/projects/ptest/examples/SimpleTest.php on line 3
[16-Jul-2014 14:33:24 Europe/Berlin] PHP Fatal error:  Cannot redeclare class SimpleTest in /home/fram/projects/ptest/examples/SimpleTest.php on line 3
[16-Jul-2014 14:33:24 Europe/Berlin] PHP Fatal error:  Cannot redeclare class SimpleTest in /home/fram/projects/ptest/examples/SimpleTest.php on line 3
[16-Jul-2014 14:33:24 Europe/Berlin] PHP Fatal error:  Cannot redeclare class SimpleTest in /home/fram/projects/ptest/examples/SimpleTest.php on line 3
[16-Jul-2014 14:33:24 Europe/Berlin] PHP Fatal error:  Cannot redeclare class SimpleTest in /home/fram/projects/ptest/examples/SimpleTest.php on line 3
[16-Jul-2014 14:33:25 Europe/Berlin] PHP Fatal error:  Cannot redeclare class SimpleTest in /home/fram/projects/ptest/examples/SimpleTest.php on line 3
[16-Jul-2014 14:33:25 Europe/Berlin] PHP Fatal error:  Cannot redeclare class SimpleTest in /home/fram/projects/ptest/examples/SimpleTest.php on line 3
[16-Jul-2014 14:33:25 Europe/Berlin] PHP Fatal error:  Cannot redeclare class SimpleTest in /home/fram/projects/ptest/examples/SimpleTest.php on line 3
[16-Jul-2014 14:34:28 Europe/Berlin] PHP Fatal error:  Call to private method SimpleTest::lotsOfData() from context 'PrestaShop\Ptest\Runner' in /home/fram/projects/ptest/src/Runner.php on line 45
[16-Jul-2014 14:34:29 Europe/Berlin] PHP Fatal error:  Call to private method SimpleTest::lotsOfData() from context 'PrestaShop\Ptest\Runner' in /home/fram/projects/ptest/src/Runner.php on line 45
[16-Jul-2014 14:34:29 Europe/Berlin] PHP Fatal error:  Call to private method SimpleTest::lotsOfData() from context 'PrestaShop\Ptest\Runner' in /home/fram/projects/ptest/src/Runner.php on line 45
[16-Jul-2014 14:34:29 Europe/Berlin] PHP Fatal error:  Call to private method SimpleTest::lotsOfData() from context 'PrestaShop\Ptest\Runner' in /home/fram/projects/ptest/src/Runner.php on line 45
